C000  4C F5 C5  JMP $C5F5                       A:00 X:00 Y:00 P:24 SP:FD PPU:        CYC:7
C5F5  A2 00     LDX #$00                        A:00 X:00 Y:00 P:24 SP:FD PPU:        CYC:10
C5F7  86 00     STX $00 = 00                    A:00 X:00 Y:00 P:26 SP:FD PPU:        CYC:12
C5F9  86 10     STX $10 = 00                    A:00 X:00 Y:00 P:26 SP:FD PPU:        CYC:15
C5FB  86 11     STX $11 = 00                    A:00 X:00 Y:00 P:26 SP:FD PPU:        CYC:18
C5FD  20 2D C7  JSR $C72D                       A:00 X:00 Y:00 P:26 SP:FD PPU:        CYC:21
C72D  EA        NOP                             A:00 X:00 Y:00 P:26 SP:FB PPU:        CYC:27
C72E  38        SEC                             A:00 X:00 Y:00 P:26 SP:FB PPU:        CYC:29
C72F  B0 04     BCS $C735                       A:00 X:00 Y:00 P:27 SP:FB PPU:        CYC:31
C735  EA        NOP                             A:00 X:00 Y:00 P:27 SP:FB PPU:        CYC:34
C736  18        CLC                             A:00 X:00 Y:00 P:27 SP:FB PPU:        CYC:36
C737  B0 03     BCS $C73C                       A:00 X:00 Y:00 P:26 SP:FB PPU:        CYC:38
C739  4C 40 C7  JMP $C740                       A:00 X:00 Y:00 P:26 SP:FB PPU:        CYC:40
C740  EA        NOP                             A:00 X:00 Y:00 P:26 SP:FB PPU:        CYC:43
C741  38        SEC                             A:00 X:00 Y:00 P:26 SP:FB PPU:        CYC:45
C742  90 03     BCC $C747                       A:00 X:00 Y:00 P:27 SP:FB PPU:        CYC:47
C744  4C 4B C7  JMP $C74B                       A:00 X:00 Y:00 P:27 SP:FB PPU:        CYC:49
C74B  EA        NOP                             A:00 X:00 Y:00 P:27 SP:FB PPU:        CYC:52
C74C  18        CLC                             A:00 X:00 Y:00 P:27 SP:FB PPU:        CYC:54
C74D  90 04     BCC $C753                       A:00 X:00 Y:00 P:26 SP:FB PPU:        CYC:56
C753  EA        NOP                             A:00 X:00 Y:00 P:26 SP:FB PPU:        CYC:59
C754  A9 00     LDA #$00                        A:00 X:00 Y:00 P:26 SP:FB PPU:        CYC:61
C756  F0 04     BEQ $C75C                       A:00 X:00 Y:00 P:26 SP:FB PPU:        CYC:63
C75C  EA        NOP                             A:00 X:00 Y:00 P:26 SP:FB PPU:        CYC:66
C75D  A9 40     LDA #$40                        A:00 X:00 Y:00 P:26 SP:FB PPU:        CYC:68
C75F  F0 03     BEQ $C764                       A:40 X:00 Y:00 P:24 SP:FB PPU:        CYC:70
C761  4C 68 C7  JMP $C768                       A:40 X:00 Y:00 P:24 SP:FB PPU:        CYC:72
C768  EA        NOP                             A:40 X:00 Y:00 P:24 SP:FB PPU:        CYC:75
C769  A9 40     LDA #$40                        A:40 X:00 Y:00 P:24 SP:FB PPU:        CYC:77
C76B  D0 04     BNE $C771                       A:40 X:00 Y:00 P:24 SP:FB PPU:        CYC:79
C771  EA        NOP                             A:40 X:00 Y:00 P:24 SP:FB PPU:        CYC:82
C772  A9 00     LDA #$00                        A:40 X:00 Y:00 P:24 SP:FB PPU:        CYC:84
C774  D0 03     BNE $C779                       A:00 X:00 Y:00 P:26 SP:FB PPU:        CYC:86
C776  4C 7D C7  JMP $C77D                       A:00 X:00 Y:00 P:26 SP:FB PPU:        CYC:88
C77D  EA        NOP                             A:00 X:00 Y:00 P:26 SP:FB PPU:        CYC:91
C77E  A9 FF     LDA #$FF                        A:00 X:00 Y:00 P:26 SP:FB PPU:        CYC:93
C780  85 01     STA $01 = 00                    A:FF X:00 Y:00 P:A4 SP:FB PPU:        CYC:95
C782  24 01     BIT $01 = FF                    A:FF X:00 Y:00 P:A4 SP:FB PPU:        CYC:98
C784  70 04     BVS $C78A                       A:FF X:00 Y:00 P:E4 SP:FB PPU:        CYC:101
C78A  EA        NOP                             A:FF X:00 Y:00 P:E4 SP:FB PPU:        CYC:104
C78B  24 01     BIT $01 = FF                    A:FF X:00 Y:00 P:E4 SP:FB PPU:        CYC:106
C78D  50 03     BVC $C792                       A:FF X:00 Y:00 P:E4 SP:FB PPU:        CYC:109
C78F  4C 96 C7  JMP $C796                       A:FF X:00 Y:00 P:E4 SP:FB PPU:        CYC:111
C796  EA        NOP                             A:FF X:00 Y:00 P:E4 SP:FB PPU:        CYC:114
C797  A9 00     LDA #$00                        A:FF X:00 Y:00 P:E4 SP:FB PPU:        CYC:116
C799  85 01     STA $01 = FF                    A:00 X:00 Y:00 P:66 SP:FB PPU:        CYC:118
C79B  24 01     BIT $01 = 00                    A:00 X:00 Y:00 P:66 SP:FB PPU:        CYC:121
C79D  50 04     BVC $C7A3                       A:00 X:00 Y:00 P:26 SP:FB PPU:        CYC:124
C7A3  EA        NOP                             A:00 X:00 Y:00 P:26 SP:FB PPU:        CYC:127
C7A4  24 01     BIT $01 = 00                    A:00 X:00 Y:00 P:26 SP:FB PPU:        CYC:129
C7A6  70 03     BVS $C7AB                       A:00 X:00 Y:00 P:26 SP:FB PPU:        CYC:132
C7A8  4C AF C7  JMP $C7AF                       A:00 X:00 Y:00 P:26 SP:FB PPU:        CYC:134
C7AF  EA        NOP                             A:00 X:00 Y:00 P:26 SP:FB PPU:        CYC:137
C7B0  A9 00     LDA #$00                        A:00 X:00 Y:00 P:26 SP:FB PPU:        CYC:139
C7B2  10 04     BPL $C7B8                       A:00 X:00 Y:00 P:26 SP:FB PPU:        CYC:141
C7B8  EA        NOP                             A:00 X:00 Y:00 P:26 SP:FB PPU:        CYC:144
C7B9  A9 80     LDA #$80                        A:00 X:00 Y:00 P:26 SP:FB PPU:        CYC:146
C7BB  10 03     BPL $C7C0                       A:80 X:00 Y:00 P:A4 SP:FB PPU:        CYC:148
C7BD  4C D9 C7  JMP $C7D9                       A:80 X:00 Y:00 P:A4 SP:FB PPU:        CYC:150
C7D9  EA        NOP                             A:80 X:00 Y:00 P:A4 SP:FB PPU:        CYC:153
C7DA  60        RTS                             A:80 X:00 Y:00 P:A4 SP:FB PPU:        CYC:155
C600  20 DB C7  JSR $C7DB                       A:80 X:00 Y:00 P:A4 SP:FD PPU:        CYC:161
C7DB  EA        NOP                             A:80 X:00 Y:00 P:A4 SP:FB PPU:        CYC:167
C7DC  A9 FF     LDA #$FF                        A:80 X:00 Y:00 P:A4 SP:FB PPU:        CYC:169
C7DE  85 01     STA $01 = 00                    A:FF X:00 Y:00 P:A4 SP:FB PPU:        CYC:171
C7E0  24 01     BIT $01 = FF                    A:FF X:00 Y:00 P:A4 SP:FB PPU:        CYC:174
C7E2  A9 00     LDA #$00                        A:FF X:00 Y:00 P:E4 SP:FB PPU:        CYC:177
C7E4  38        SEC                             A:00 X:00 Y:00 P:66 SP:FB PPU:        CYC:179
C7E5  78        SEI                             A:00 X:00 Y:00 P:67 SP:FB PPU:        CYC:181
C7E6  F8        SED                             A:00 X:00 Y:00 P:67 SP:FB PPU:        CYC:183
C7E7  08        PHP                             A:00 X:00 Y:00 P:6F SP:FB PPU:        CYC:185
C7E8  68        PLA                             A:00 X:00 Y:00 P:6F SP:FA PPU:        CYC:188
C7E9  29 EF     AND #$EF                        A:7F X:00 Y:00 P:6D SP:FB PPU:        CYC:192
C7EB  C9 6F     CMP #$6F                        A:6F X:00 Y:00 P:6D SP:FB PPU:        CYC:194
C7ED  F0 04     BEQ $C7F3                       A:6F X:00 Y:00 P:6F SP:FB PPU:        CYC:196
C7F3  EA        NOP                             A:6F X:00 Y:00 P:6F SP:FB PPU:        CYC:199
C7F4  A9 40     LDA #$40                        A:6F X:00 Y:00 P:6F SP:FB PPU:        CYC:201
C7F6  85 01     STA $01 = FF                    A:40 X:00 Y:00 P:6D SP:FB PPU:        CYC:203
C7F8  24 01     BIT $01 = 40                    A:40 X:00 Y:00 P:6D SP:FB PPU:        CYC:206
C7FA  D8        CLD                             A:40 X:00 Y:00 P:6D SP:FB PPU:        CYC:209
C7FB  A9 10     LDA #$10                        A:40 X:00 Y:00 P:65 SP:FB PPU:        CYC:211
C7FD  18        CLC                             A:10 X:00 Y:00 P:65 SP:FB PPU:        CYC:213
C7FE  08        PHP                             A:10 X:00 Y:00 P:64 SP:FB PPU:        CYC:215
C7FF  68        PLA                             A:10 X:00 Y:00 P:64 SP:FA PPU:        CYC:218
C800  29 EF     AND #$EF                        A:74 X:00 Y:00 P:64 SP:FB PPU:        CYC:222
C802  C9 64     CMP #$64                        A:64 X:00 Y:00 P:64 SP:FB PPU:        CYC:224
C804  F0 04     BEQ $C80A                       A:64 X:00 Y:00 P:67 SP:FB PPU:        CYC:226
C80A  EA        NOP                             A:64 X:00 Y:00 P:67 SP:FB PPU:        CYC:229
C80B  A9 80     LDA #$80                        A:64 X:00 Y:00 P:67 SP:FB PPU:        CYC:231
C80D  85 01     STA $01 = 40                    A:80 X:00 Y:00 P:E5 SP:FB PPU:        CYC:233
C80F  24 01     BIT $01 = 80                    A:80 X:00 Y:00 P:E5 SP:FB PPU:        CYC:236
C811  F8        SED                             A:80 X:00 Y:00 P:A5 SP:FB PPU:        CYC:239
C812  A9 00     LDA #$00                        A:80 X:00 Y:00 P:AD SP:FB PPU:        CYC:241
C814  38        SEC                             A:00 X:00 Y:00 P:2F SP:FB PPU:        CYC:243
C815  08        PHP                             A:00 X:00 Y:00 P:2F SP:FB PPU:        CYC:245
C816  68        PLA                             A:00 X:00 Y:00 P:2F SP:FA PPU:        CYC:248
C817  29 EF     AND #$EF                        A:3F X:00 Y:00 P:2D SP:FB PPU:        CYC:252
C819  C9 2F     CMP #$2F                        A:2F X:00 Y:00 P:2D SP:FB PPU:        CYC:254
C81B  F0 04     BEQ $C821                       A:2F X:00 Y:00 P:2F SP:FB PPU:        CYC:256
C821  EA        NOP                             A:2F X:00 Y:00 P:2F SP:FB PPU:        CYC:259
C822  A9 FF     LDA #$FF                        A:2F X:00 Y:00 P:2F SP:FB PPU:        CYC:261
C824  48        PHA                             A:FF X:00 Y:00 P:AD SP:FB PPU:        CYC:263
C825  28        PLP                             A:FF X:00 Y:00 P:AD SP:FA PPU:        CYC:266
C826  D0 09     BNE $C831                       A:FF X:00 Y:00 P:EF SP:FB PPU:        CYC:270
C828  10 07     BPL $C831                       A:FF X:00 Y:00 P:EF SP:FB PPU:        CYC:272
C82A  50 05     BVC $C831                       A:FF X:00 Y:00 P:EF SP:FB PPU:        CYC:274
C82C  90 03     BCC $C831                       A:FF X:00 Y:00 P:EF SP:FB PPU:        CYC:276
C82E  4C 35 C8  JMP $C835                       A:FF X:00 Y:00 P:EF SP:FB PPU:        CYC:278
C835  EA        NOP                             A:FF X:00 Y:00 P:EF SP:FB PPU:        CYC:281
C836  A9 04     LDA #$04                        A:FF X:00 Y:00 P:EF SP:FB PPU:        CYC:283
C838  48        PHA                             A:04 X:00 Y:00 P:6D SP:FB PPU:        CYC:285
C839  28        PLP                             A:04 X:00 Y:00 P:6D SP:FA PPU:        CYC:288
C83A  F0 09     BEQ $C845                       A:04 X:00 Y:00 P:24 SP:FB PPU:        CYC:292
C83C  30 07     BMI $C845                       A:04 X:00 Y:00 P:24 SP:FB PPU:        CYC:294
C83E  70 05     BVS $C845                       A:04 X:00 Y:00 P:24 SP:FB PPU:        CYC:296
C840  B0 03     BCS $C845                       A:04 X:00 Y:00 P:24 SP:FB PPU:        CYC:298
C842  4C 49 C8  JMP $C849                       A:04 X:00 Y:00 P:24 SP:FB PPU:        CYC:300
C849  EA        NOP                             A:04 X:00 Y:00 P:24 SP:FB PPU:        CYC:303
C84A  F8        SED                             A:04 X:00 Y:00 P:24 SP:FB PPU:        CYC:305
C84B  A9 FF     LDA #$FF                        A:04 X:00 Y:00 P:2C SP:FB PPU:        CYC:307
C84D  85 01     STA $01 = 80                    A:FF X:00 Y:00 P:AC SP:FB PPU:        CYC:309
C84F  24 01     BIT $01 = FF                    A:FF X:00 Y:00 P:AC SP:FB PPU:        CYC:312
C851  18        CLC                             A:FF X:00 Y:00 P:EC SP:FB PPU:        CYC:315
C852  A9 00     LDA #$00                        A:FF X:00 Y:00 P:EC SP:FB PPU:        CYC:317
C854  48        PHA                             A:00 X:00 Y:00 P:6E SP:FB PPU:        CYC:319
C855  A9 FF     LDA #$FF                        A:00 X:00 Y:00 P:6E SP:FA PPU:        CYC:322
C857  68        PLA                             A:FF X:00 Y:00 P:EC SP:FA PPU:        CYC:324
C858  D0 09     BNE $C863                       A:00 X:00 Y:00 P:6E SP:FB PPU:        CYC:328
C85A  30 07     BMI $C863                       A:00 X:00 Y:00 P:6E SP:FB PPU:        CYC:330
C85C  50 05     BVC $C863                       A:00 X:00 Y:00 P:6E SP:FB PPU:        CYC:332
C85E  B0 03     BCS $C863                       A:00 X:00 Y:00 P:6E SP:FB PPU:        CYC:334
C860  4C 67 C8  JMP $C867                       A:00 X:00 Y:00 P:6E SP:FB PPU:        CYC:336
C867  EA        NOP                             A:00 X:00 Y:00 P:6E SP:FB PPU:        CYC:339
C868  A9 00     LDA #$00                        A:00 X:00 Y:00 P:6E SP:FB PPU:        CYC:341
C86A  85 01     STA $01 = FF                    A:00 X:00 Y:00 P:6E SP:FB PPU:        CYC:343
C86C  24 01     BIT $01 = 00                    A:00 X:00 Y:00 P:6E SP:FB PPU:        CYC:346
C86E  38        SEC                             A:00 X:00 Y:00 P:2E SP:FB PPU:        CYC:349
C86F  A9 FF     LDA #$FF                        A:00 X:00 Y:00 P:2F SP:FB PPU:        CYC:351
C871  48        PHA                             A:FF X:00 Y:00 P:AD SP:FB PPU:        CYC:353
C872  A9 00     LDA #$00                        A:FF X:00 Y:00 P:AD SP:FA PPU:        CYC:356
C874  68        PLA                             A:00 X:00 Y:00 P:2F SP:FA PPU:        CYC:358
C875  F0 09     BEQ $C880                       A:FF X:00 Y:00 P:AD SP:FB PPU:        CYC:362
C877  10 07     BPL $C880                       A:FF X:00 Y:00 P:AD SP:FB PPU:        CYC:364
C879  70 05     BVS $C880                       A:FF X:00 Y:00 P:AD SP:FB PPU:        CYC:366
C87B  90 03     BCC $C880                       A:FF X:00 Y:00 P:AD SP:FB PPU:        CYC:368
C87D  4C 84 C8  JMP $C884                       A:FF X:00 Y:00 P:AD SP:FB PPU:        CYC:370
C884  60        RTS                             A:FF X:00 Y:00 P:AD SP:FB PPU:        CYC:373
C603  20 85 C8  JSR $C885                       A:FF X:00 Y:00 P:AD SP:FD PPU:        CYC:379
C885  EA        NOP                             A:FF X:00 Y:00 P:AD SP:FB PPU:        CYC:385
C886  18        CLC                             A:FF X:00 Y:00 P:AD SP:FB PPU:        CYC:387
C887  A9 FF     LDA #$FF                        A:FF X:00 Y:00 P:AC SP:FB PPU:        CYC:389
C889  85 01     STA $01 = 00                    A:FF X:00 Y:00 P:AC SP:FB PPU:        CYC:391
C88B  24 01     BIT $01 = FF                    A:FF X:00 Y:00 P:AC SP:FB PPU:        CYC:394
C88D  A9 55     LDA #$55                        A:FF X:00 Y:00 P:EC SP:FB PPU:        CYC:397
